E:\Mydocument\Visual Studio 2017\Projects\CsharpToJavascriptVsTkoolMV\CsharpBuilderVsMV\bin\Debug\Null_Project\TypescriptToJs\mscorlib.js
E:\Mydocument\Visual Studio 2017\Projects\CsharpToJavascriptVsTkoolMV\CsharpBuilderVsMV\bin\Debug\Null_Project\TypescriptToJs\TkoolOfJavascriptTheCross.js
E:\Mydocument\Visual Studio 2017\Projects\CsharpToJavascriptVsTkoolMV\CsharpBuilderVsMV\bin\Debug\Null_Project\TypescriptToJs\Null_Project.js
E:\Mydocument\Visual Studio 2017\Projects\CsharpToJavascriptVsTkoolMV\CsharpBuilderVsMV\bin\Debug\Null_Project\TypescriptToJs\mscorlib.js
E:\Mydocument\Visual Studio 2017\Projects\CsharpToJavascriptVsTkoolMV\CsharpBuilderVsMV\bin\Debug\Null_Project\TypescriptToJs\TkoolOfJavascriptTheCross.js
E:\Mydocument\Visual Studio 2017\Projects\CsharpToJavascriptVsTkoolMV\CsharpBuilderVsMV\bin\Debug\Null_Project\TypescriptToJs\Null_Project.js
E:\Mydocument\Visual Studio 2017\Projects\CsharpToJavascriptVsTkoolMV\CsharpBuilderVsMV\bin\Debug\Null_Project\TypescriptToJs\mscorlib.js
E:\Mydocument\Visual Studio 2017\Projects\CsharpToJavascriptVsTkoolMV\CsharpBuilderVsMV\bin\Debug\Null_Project\TypescriptToJs\TkoolOfJavascriptTheCross.js
E:\Mydocument\Visual Studio 2017\Projects\CsharpToJavascriptVsTkoolMV\CsharpBuilderVsMV\bin\Debug\Null_Project\TypescriptToJs\Null_Project.js
E:\Mydocument\Visual Studio 2017\Projects\CsharpToJavascriptVsTkoolMV\CsharpBuilderVsMV\bin\Debug\Null_Project\TypescriptToJs\mscorlib.js
E:\Mydocument\Visual Studio 2017\Projects\CsharpToJavascriptVsTkoolMV\CsharpBuilderVsMV\bin\Debug\Null_Project\TypescriptToJs\TkoolOfJavascriptTheCross.js
E:\Mydocument\Visual Studio 2017\Projects\CsharpToJavascriptVsTkoolMV\CsharpBuilderVsMV\bin\Debug\Null_Project\TypescriptToJs\Null_Project.js
E:\Mydocument\Visual Studio 2017\Projects\CsharpToJavascriptVsTkoolMV\CsharpBuilderVsMV\bin\Debug\Null_Project\TypescriptToJs\mscorlib.js
E:\Mydocument\Visual Studio 2017\Projects\CsharpToJavascriptVsTkoolMV\CsharpBuilderVsMV\bin\Debug\Null_Project\TypescriptToJs\MvLib2.js
E:\Mydocument\Visual Studio 2017\Projects\CsharpToJavascriptVsTkoolMV\CsharpBuilderVsMV\bin\Debug\Null_Project\TypescriptToJs\MvLib.js
E:\Mydocument\Visual Studio 2017\Projects\CsharpToJavascriptVsTkoolMV\CsharpBuilderVsMV\bin\Debug\Null_Project\TypescriptToJs\Null_Project.js
E:\Mydocument\Visual Studio 2017\Projects\CsharpToJavascriptVsTkoolMV\CsharpBuilderVsMV\bin\Debug\Null_Project\TypescriptToJs\mscorlib.js
E:\Mydocument\Visual Studio 2017\Projects\CsharpToJavascriptVsTkoolMV\CsharpBuilderVsMV\bin\Debug\Null_Project\TypescriptToJs\MvLib2.js
E:\Mydocument\Visual Studio 2017\Projects\CsharpToJavascriptVsTkoolMV\CsharpBuilderVsMV\bin\Debug\Null_Project\TypescriptToJs\MvLib.js
E:\Mydocument\Visual Studio 2017\Projects\CsharpToJavascriptVsTkoolMV\CsharpBuilderVsMV\bin\Debug\Null_Project\TypescriptToJs\Null_Project.js
E:\Mydocument\Visual Studio 2017\Projects\CsharpToJavascriptVsTkoolMV\CsharpBuilderVsMV\bin\Debug\Null_Project\TypescriptToJs\mscorlib.js
E:\Mydocument\Visual Studio 2017\Projects\CsharpToJavascriptVsTkoolMV\CsharpBuilderVsMV\bin\Debug\Null_Project\TypescriptToJs\MvLib2.js
E:\Mydocument\Visual Studio 2017\Projects\CsharpToJavascriptVsTkoolMV\CsharpBuilderVsMV\bin\Debug\Null_Project\TypescriptToJs\MvLib.js
E:\Mydocument\Visual Studio 2017\Projects\CsharpToJavascriptVsTkoolMV\CsharpBuilderVsMV\bin\Debug\Null_Project\TypescriptToJs\Null_Project.js
E:\Mydocument\Visual Studio 2017\Projects\CsharpToJavascriptVsTkoolMV\CsharpBuilderVsMV\bin\Debug\Null_Project\TypescriptToJs\mscorlib.js
E:\Mydocument\Visual Studio 2017\Projects\CsharpToJavascriptVsTkoolMV\CsharpBuilderVsMV\bin\Debug\Null_Project\TypescriptToJs\MvLib2.js
E:\Mydocument\Visual Studio 2017\Projects\CsharpToJavascriptVsTkoolMV\CsharpBuilderVsMV\bin\Debug\Null_Project\TypescriptToJs\MvLib.js
E:\Mydocument\Visual Studio 2017\Projects\CsharpToJavascriptVsTkoolMV\CsharpBuilderVsMV\bin\Debug\Null_Project\TypescriptToJs\Null_Project.js
E:\Mydocument\Visual Studio 2017\Projects\CsharpToJavascriptVsTkoolMV\CsharpBuilderVsMV\bin\Debug\Null_Project\TypescriptToJs\mscorlib.js
E:\Mydocument\Visual Studio 2017\Projects\CsharpToJavascriptVsTkoolMV\CsharpBuilderVsMV\bin\Debug\Null_Project\TypescriptToJs\MvLib2.js
E:\Mydocument\Visual Studio 2017\Projects\CsharpToJavascriptVsTkoolMV\CsharpBuilderVsMV\bin\Debug\Null_Project\TypescriptToJs\MvLib.js
E:\Mydocument\Visual Studio 2017\Projects\CsharpToJavascriptVsTkoolMV\CsharpBuilderVsMV\bin\Debug\Null_Project\TypescriptToJs\Null_Project.js
E:\Mydocument\Visual Studio 2017\Projects\CsharpToJavascriptVsTkoolMV\CsharpBuilderVsMV\bin\Debug\Null_Project\TypescriptToJs\mscorlib.js
E:\Mydocument\Visual Studio 2017\Projects\CsharpToJavascriptVsTkoolMV\CsharpBuilderVsMV\bin\Debug\Null_Project\TypescriptToJs\MvLib2.js
E:\Mydocument\Visual Studio 2017\Projects\CsharpToJavascriptVsTkoolMV\CsharpBuilderVsMV\bin\Debug\Null_Project\TypescriptToJs\MvLib.js
E:\Mydocument\Visual Studio 2017\Projects\CsharpToJavascriptVsTkoolMV\CsharpBuilderVsMV\bin\Debug\Null_Project\TypescriptToJs\Null_Project.js
E:\Mydocument\Visual Studio 2017\Projects\CsharpToJavascriptVsTkoolMV\CsharpBuilderVsMV\bin\Debug\Null_Project\TypescriptToJs\mscorlib.js
E:\Mydocument\Visual Studio 2017\Projects\CsharpToJavascriptVsTkoolMV\CsharpBuilderVsMV\bin\Debug\Null_Project\TypescriptToJs\MvLib2.js
E:\Mydocument\Visual Studio 2017\Projects\CsharpToJavascriptVsTkoolMV\CsharpBuilderVsMV\bin\Debug\Null_Project\TypescriptToJs\MvLib.js
E:\Mydocument\Visual Studio 2017\Projects\CsharpToJavascriptVsTkoolMV\CsharpBuilderVsMV\bin\Debug\Null_Project\TypescriptToJs\Null_Project.js
E:\Mydocument\Visual Studio 2017\Projects\CsharpToJavascriptVsTkoolMV\CsharpBuilderVsMV\bin\Debug\Null_Project\TypescriptToJs\mscorlib.js
E:\Mydocument\Visual Studio 2017\Projects\CsharpToJavascriptVsTkoolMV\CsharpBuilderVsMV\bin\Debug\Null_Project\TypescriptToJs\MvLib2.js
E:\Mydocument\Visual Studio 2017\Projects\CsharpToJavascriptVsTkoolMV\CsharpBuilderVsMV\bin\Debug\Null_Project\TypescriptToJs\MvLib.js
E:\Mydocument\Visual Studio 2017\Projects\CsharpToJavascriptVsTkoolMV\CsharpBuilderVsMV\bin\Debug\Null_Project\TypescriptToJs\Null_Project.js
E:\Mydocument\Visual Studio 2017\Projects\CsharpToJavascriptVsTkoolMV\CsharpBuilderVsMV\bin\Debug\Null_Project\TypescriptToJs\mscorlib.js
E:\Mydocument\Visual Studio 2017\Projects\CsharpToJavascriptVsTkoolMV\CsharpBuilderVsMV\bin\Debug\Null_Project\TypescriptToJs\MvLib2.js
E:\Mydocument\Visual Studio 2017\Projects\CsharpToJavascriptVsTkoolMV\CsharpBuilderVsMV\bin\Debug\Null_Project\TypescriptToJs\MvLib.js
E:\Mydocument\Visual Studio 2017\Projects\CsharpToJavascriptVsTkoolMV\CsharpBuilderVsMV\bin\Debug\Null_Project\TypescriptToJs\Null_Project.js
E:\Mydocument\Visual Studio 2017\Projects\CsharpToJavascriptVsTkoolMV\CsharpBuilderVsMV\bin\Debug\Null_Project\TypescriptToJs\mscorlib.js
E:\Mydocument\Visual Studio 2017\Projects\CsharpToJavascriptVsTkoolMV\CsharpBuilderVsMV\bin\Debug\Null_Project\TypescriptToJs\MvLib2.js
E:\Mydocument\Visual Studio 2017\Projects\CsharpToJavascriptVsTkoolMV\CsharpBuilderVsMV\bin\Debug\Null_Project\TypescriptToJs\MvLib.js
E:\Mydocument\Visual Studio 2017\Projects\CsharpToJavascriptVsTkoolMV\CsharpBuilderVsMV\bin\Debug\Null_Project\TypescriptToJs\Null_Project.js
E:\Mydocument\Visual Studio 2017\Projects\CsharpToJavascriptVsTkoolMV\CsharpBuilderVsMV\bin\Debug\Null_Project\TypescriptToJs\mscorlib.js
E:\Mydocument\Visual Studio 2017\Projects\CsharpToJavascriptVsTkoolMV\CsharpBuilderVsMV\bin\Debug\Null_Project\TypescriptToJs\MvLib2.js
E:\Mydocument\Visual Studio 2017\Projects\CsharpToJavascriptVsTkoolMV\CsharpBuilderVsMV\bin\Debug\Null_Project\TypescriptToJs\MvLib.js
E:\Mydocument\Visual Studio 2017\Projects\CsharpToJavascriptVsTkoolMV\CsharpBuilderVsMV\bin\Debug\Null_Project\TypescriptToJs\Null_Project.js
E:\Mydocument\Visual Studio 2017\Projects\CsharpToJavascriptVsTkoolMV\CsharpBuilderVsMV\bin\Debug\Null_Project\TypescriptToJs\mscorlib.js
E:\Mydocument\Visual Studio 2017\Projects\CsharpToJavascriptVsTkoolMV\CsharpBuilderVsMV\bin\Debug\Null_Project\TypescriptToJs\MvLib2.js
E:\Mydocument\Visual Studio 2017\Projects\CsharpToJavascriptVsTkoolMV\CsharpBuilderVsMV\bin\Debug\Null_Project\TypescriptToJs\MvLib.js
E:\Mydocument\Visual Studio 2017\Projects\CsharpToJavascriptVsTkoolMV\CsharpBuilderVsMV\bin\Debug\Null_Project\TypescriptToJs\Null_Project.js
E:\Mydocument\Visual Studio 2017\Projects\CsharpToJavascriptVsTkoolMV\CsharpBuilderVsMV\bin\Debug\Null_Project\TypescriptToJs\mscorlib.js
E:\Mydocument\Visual Studio 2017\Projects\CsharpToJavascriptVsTkoolMV\CsharpBuilderVsMV\bin\Debug\Null_Project\TypescriptToJs\MvLib2.js
E:\Mydocument\Visual Studio 2017\Projects\CsharpToJavascriptVsTkoolMV\CsharpBuilderVsMV\bin\Debug\Null_Project\TypescriptToJs\MvLib.js
E:\Mydocument\Visual Studio 2017\Projects\CsharpToJavascriptVsTkoolMV\CsharpBuilderVsMV\bin\Debug\Null_Project\TypescriptToJs\Null_Project.js
E:\Mydocument\Visual Studio 2017\Projects\CsharpToJavascriptVsTkoolMV\CsharpBuilderVsMV\bin\Debug\Null_Project\TypescriptToJs\mscorlib.js
E:\Mydocument\Visual Studio 2017\Projects\CsharpToJavascriptVsTkoolMV\CsharpBuilderVsMV\bin\Debug\Null_Project\TypescriptToJs\Null_Project.js
E:\Mydocument\Visual Studio 2017\Projects\CsharpToJavascriptVsTkoolMV\CsharpBuilderVsMV\bin\Debug\Null_Project\TypescriptToJs\mscorlib.js
E:\Mydocument\Visual Studio 2017\Projects\CsharpToJavascriptVsTkoolMV\CsharpBuilderVsMV\bin\Debug\Null_Project\TypescriptToJs\Null_Project.js
E:\Mydocument\Visual Studio 2017\Projects\CsharpToJavascriptVsTkoolMV\CsharpBuilderVsMV\bin\Debug\Null_Project\TypescriptToJs\mscorlib.js
E:\Mydocument\Visual Studio 2017\Projects\CsharpToJavascriptVsTkoolMV\CsharpBuilderVsMV\bin\Debug\Null_Project\TypescriptToJs\Null_Project.js
E:\Mydocument\Visual Studio 2017\Projects\CsharpToJavascriptVsTkoolMV\CsharpBuilderVsMV\bin\Debug\Null_Project\TypescriptToJs\mscorlib.js
E:\Mydocument\Visual Studio 2017\Projects\CsharpToJavascriptVsTkoolMV\CsharpBuilderVsMV\bin\Debug\Null_Project\TypescriptToJs\Null_Project.js
E:\Mydocument\Visual Studio 2017\Projects\CsharpToJavascriptVsTkoolMV\CsharpBuilderVsMV\bin\Debug\Null_Project\TypescriptToJs\mscorlib.js
E:\Mydocument\Visual Studio 2017\Projects\CsharpToJavascriptVsTkoolMV\CsharpBuilderVsMV\bin\Debug\Null_Project\TypescriptToJs\MvLib.js
E:\Mydocument\Visual Studio 2017\Projects\CsharpToJavascriptVsTkoolMV\CsharpBuilderVsMV\bin\Debug\Null_Project\TypescriptToJs\Null_Project.js
E:\Mydocument\Visual Studio 2017\Projects\CsharpToJavascriptVsTkoolMV\CsharpBuilderVsMV\bin\Debug\Null_Project\TypescriptToJs\mscorlib.js
E:\Mydocument\Visual Studio 2017\Projects\CsharpToJavascriptVsTkoolMV\CsharpBuilderVsMV\bin\Debug\Null_Project\TypescriptToJs\MvLib.js
E:\Mydocument\Visual Studio 2017\Projects\CsharpToJavascriptVsTkoolMV\CsharpBuilderVsMV\bin\Debug\Null_Project\TypescriptToJs\Null_Project.js
E:\Mydocument\Visual Studio 2017\Projects\CsharpToJavascriptVsTkoolMV\CsharpBuilderVsMV\bin\Debug\Null_Project\TypescriptToJs\mscorlib.js
E:\Mydocument\Visual Studio 2017\Projects\CsharpToJavascriptVsTkoolMV\CsharpBuilderVsMV\bin\Debug\Null_Project\TypescriptToJs\MvLib.js
E:\Mydocument\Visual Studio 2017\Projects\CsharpToJavascriptVsTkoolMV\CsharpBuilderVsMV\bin\Debug\Null_Project\TypescriptToJs\Null_Project.js
E:\Mydocument\Visual Studio 2017\Projects\CsharpToJavascriptVsTkoolMV\CsharpBuilderVsMV\bin\Debug\Null_Project\TypescriptToJs\mscorlib.js
E:\Mydocument\Visual Studio 2017\Projects\CsharpToJavascriptVsTkoolMV\CsharpBuilderVsMV\bin\Debug\Null_Project\TypescriptToJs\MvLib.js
E:\Mydocument\Visual Studio 2017\Projects\CsharpToJavascriptVsTkoolMV\CsharpBuilderVsMV\bin\Debug\Null_Project\TypescriptToJs\Null_Project.js
E:\Mydocument\Visual Studio 2017\Projects\CsharpToJavascriptVsTkoolMV\CsharpBuilderVsMV\bin\Debug\Null_Project\TypescriptToJs\mscorlib.js
E:\Mydocument\Visual Studio 2017\Projects\CsharpToJavascriptVsTkoolMV\CsharpBuilderVsMV\bin\Debug\Null_Project\TypescriptToJs\MvLib.js
E:\Mydocument\Visual Studio 2017\Projects\CsharpToJavascriptVsTkoolMV\CsharpBuilderVsMV\bin\Debug\Null_Project\TypescriptToJs\Null_Project.js
E:\Mydocument\Visual Studio 2017\Projects\CsharpToJavascriptVsTkoolMV\CsharpBuilderVsMV\bin\Debug\Null_Project\TypescriptToJs\mscorlib.js
E:\Mydocument\Visual Studio 2017\Projects\CsharpToJavascriptVsTkoolMV\CsharpBuilderVsMV\bin\Debug\Null_Project\TypescriptToJs\MvLib.js
E:\Mydocument\Visual Studio 2017\Projects\CsharpToJavascriptVsTkoolMV\CsharpBuilderVsMV\bin\Debug\Null_Project\TypescriptToJs\Null_Project.js
